<?xml version="1.0" encoding="UTF-8"?>
<!-- Generated by org.testng.reporters.JUnitReportReporter -->
<testsuite hostname="DESKTOP-QPJAVDM" failures="0" tests="1" name="tests.Register_negativeScenario" time="11.033" errors="0" timestamp="2025-04-26T18:56:44 EEST" skipped="0">
  <testcase classname="tests.Register_negativeScenario" name="tetRegister_ExistEmail" time="11.033"/>
</testsuite> <!-- tests.Register_negativeScenario -->
