<?xml version="1.0" encoding="UTF-8"?>
<!-- Generated by org.testng.reporters.JUnitReportReporter -->
<testsuite hostname="DESKTOP-QPJAVDM" failures="0" tests="1" name="tests.Login_happyScenario" time="10.782" errors="0" timestamp="2025-04-26T18:57:38 EEST" skipped="0">
  <testcase classname="tests.Login_happyScenario" name="correntUsernameAndPassword" time="10.782"/>
</testsuite> <!-- tests.Login_happyScenario -->
