<?xml version="1.0" encoding="UTF-8"?>
<!-- Generated by org.testng.reporters.JUnitReportReporter -->
<testsuite hostname="DESKTOP-QPJAVDM" failures="0" tests="1" name="tests.ContactUs_happScenario" time="9.377" errors="0" timestamp="2025-04-26T18:58:16 EEST" skipped="0">
  <testcase classname="tests.ContactUs_happScenario" name="testContactUs_validData" time="9.377"/>
</testsuite> <!-- tests.ContactUs_happScenario -->
