<?xml version="1.0" encoding="UTF-8"?>
<!-- Generated by org.testng.reporters.JUnitReportReporter -->
<testsuite hostname="DESKTOP-QPJAVDM" failures="0" tests="1" name="tests.Login_negativeScenario" time="10.905" errors="0" timestamp="2025-04-26T18:57:38 EEST" skipped="0">
  <testcase classname="tests.Login_negativeScenario" name="inCorrentUsernameAndPassword" time="10.905"/>
</testsuite> <!-- tests.Login_negativeScenario -->
