<?xml version="1.0" encoding="UTF-8"?>
<!-- Generated by org.testng.reporters.JUnitReportReporter -->
<testsuite hostname="DESKTOP-QPJAVDM" failures="0" tests="1" name="tests.Register_HappyScenario" time="60.883" errors="0" timestamp="2025-04-26T18:54:53 EEST" skipped="0">
  <testcase classname="tests.Register_HappyScenario" name="tetRegister_NewUserName_MandatoryAndOptional" time="60.883"/>
</testsuite> <!-- tests.Register_HappyScenario -->
