<?xml version="1.0" encoding="UTF-8"?>
<!-- Generated by org.testng.reporters.JUnitReportReporter -->
<testsuite hostname="DESKTOP-QPJAVDM" failures="0" tests="2" name="Automation_Project.Automation_Exercises.tests.RegisterTests" time="84.767" errors="0" timestamp="2025-05-07T20:50:40 EEST" skipped="0">
  <testcase classname="Automation_Project.Automation_Exercises.tests.RegisterTests" name="testAARegister" time="79.258"/>
  <testcase classname="Automation_Project.Automation_Exercises.tests.RegisterTests" name="testAARegister" time="5.509"/>
</testsuite> <!-- Automation_Project.Automation_Exercises.tests.RegisterTests -->
