<?xml version="1.0" encoding="UTF-8"?>
<!-- Generated by org.testng.reporters.JUnitReportReporter -->
<testsuite hostname="DESKTOP-QPJAVDM" failures="0" tests="1" name="Automation_Project.Automation_Exercises.tests.Cart_Test" time="22.309" errors="0" timestamp="2025-05-07T20:50:41 EEST" skipped="0">
  <testcase classname="Automation_Project.Automation_Exercises.tests.Cart_Test" name="Add_Products_To_Cart" time="22.309"/>
</testsuite> <!-- Automation_Project.Automation_Exercises.tests.Cart_Test -->
