<?xml version="1.0" encoding="UTF-8"?>
<!-- Generated by org.testng.reporters.JUnitReportReporter -->
<testsuite hostname="DESKTOP-QPJAVDM" failures="0" tests="1" name="Automation_Project.Automation_Exercises.tests.CheckoutWithRegisterTests" time="47.055" errors="0" timestamp="2025-05-06T19:28:54 EEST" skipped="0">
  <testcase classname="Automation_Project.Automation_Exercises.tests.CheckoutWithRegisterTests" name="testcheckoutwithregister" time="47.055"/>
</testsuite> <!-- Automation_Project.Automation_Exercises.tests.CheckoutWithRegisterTests -->
