<?xml version="1.0" encoding="UTF-8"?>
<!-- Generated by org.testng.reporters.JUnitReportReporter -->
<testsuite hostname="DESKTOP-QPJAVDM" failures="0" tests="1" name="Automation_Project.Automation_Exercises.tests.CheckoutTests" time="20.605" errors="0" timestamp="2025-05-06T18:05:06 EEST" skipped="0">
  <testcase classname="Automation_Project.Automation_Exercises.tests.CheckoutTests" name="testcheckout" time="20.605"/>
</testsuite> <!-- Automation_Project.Automation_Exercises.tests.CheckoutTests -->
