<?xml version="1.0" encoding="UTF-8"?>
<!-- Generated by org.testng.reporters.JUnitReportReporter -->
<testsuite hostname="DESKTOP-QPJAVDM" failures="0" tests="2" name="Automation_Project.Automation_Exercises.tests.LoginTests" time="20.143" errors="0" timestamp="2025-05-07T20:50:41 EEST" skipped="0">
  <testcase classname="Automation_Project.Automation_Exercises.tests.LoginTests" name="testAllLoginScenario" time="8.517"/>
  <testcase classname="Automation_Project.Automation_Exercises.tests.LoginTests" name="testAllLoginScenario" time="11.626"/>
</testsuite> <!-- Automation_Project.Automation_Exercises.tests.LoginTests -->
